<?xml version="1.0" encoding="UTF-8"?>
<testng-results ignored="0" total="1" passed="1" failed="0" skipped="0">
  <reporter-output>
  </reporter-output>
  <suite started-at="2025-11-08T18:11:57 IST" name="Surefire suite" finished-at="2025-11-08T18:12:20 IST" duration-ms="22633">
    <groups>
      <group name="cucumber">
        <method signature="AbstractTestNGCucumberTests.runScenario(io.cucumber.testng.PickleWrapper,io.cucumber.testng.FeatureWrapper)[pri:0, instance:TestRunner.TestNGTestRunner@dbf57b3]" name="runScenario" class="io.cucumber.testng.AbstractTestNGCucumberTests"/>
      </group> <!-- cucumber -->
    </groups>
    <test started-at="2025-11-08T18:11:57 IST" name="Surefire test" finished-at="2025-11-08T18:12:20 IST" duration-ms="22633">
      <class name="TestRunner.TestNGTestRunner">
        <test-method is-config="true" signature="setUpClass(org.testng.ITestContext)[pri:0, instance:TestRunner.TestNGTestRunner@dbf57b3]" started-at="2025-11-08T18:11:57 IST" name="setUpClass" finished-at="2025-11-08T18:11:59 IST" duration-ms="1429" status="PASS">
          <params>
            <param index="0">
              <value>
                <![CDATA[org.testng.TestRunner@4ed18798]]>
              </value>
            </param>
          </params>
          <reporter-output>
          </reporter-output>
        </test-method> <!-- setUpClass -->
        <test-method signature="runScenario(io.cucumber.testng.PickleWrapper,io.cucumber.testng.FeatureWrapper)[pri:0, instance:TestRunner.TestNGTestRunner@dbf57b3]" started-at="2025-11-08T18:11:59 IST" name="runScenario" description="Runs Cucumber Scenarios" data-provider="scenarios" finished-at="2025-11-08T18:12:19 IST" duration-ms="20499" status="PASS">
          <params>
            <param index="0">
              <value>
                <![CDATA["Successful login and PIM navigation with valid credentials (Test Set 1)"]]>
              </value>
            </param>
            <param index="1">
              <value>
                <![CDATA["Validate Login Functionality of OrangeHRM Application"]]>
              </value>
            </param>
          </params>
          <reporter-output>
          </reporter-output>
        </test-method> <!-- runScenario -->
        <test-method is-config="true" signature="tearDownClass()[pri:0, instance:TestRunner.TestNGTestRunner@dbf57b3]" started-at="2025-11-08T18:12:19 IST" name="tearDownClass" finished-at="2025-11-08T18:12:20 IST" duration-ms="650" status="PASS">
          <reporter-output>
          </reporter-output>
        </test-method> <!-- tearDownClass -->
      </class> <!-- TestRunner.TestNGTestRunner -->
    </test> <!-- Surefire test -->
  </suite> <!-- Surefire suite -->
</testng-results>
