<?xml version="1.0" encoding="UTF-8"?>
<!-- Generated by org.testng.reporters.JUnitXMLReporter -->
<testsuite ignored="0" hostname="DESKTOP-EOSSCGG" failures="0" tests="2" name="OrangeHRM UI Test" time="34.601" errors="0" timestamp="2025-11-08T11:24:09 IST">
  <testcase classname="io.cucumber.testng.AbstractTestNGCucumberTests" name="runScenario" time="16.945"/>
  <testcase classname="io.cucumber.testng.AbstractTestNGCucumberTests" name="runScenario" time="15.499"/>
</testsuite> <!-- OrangeHRM UI Test -->
