<?xml version="1.0" encoding="UTF-8"?>
<!-- Generated by org.testng.reporters.JUnitReportReporter -->
<testsuite hostname="DESKTOP-EOSSCGG" failures="1" tests="3" name="TestRunner.CucumberTestRunner" time="67.281" errors="0" timestamp="2025-10-26T13:42:35 IST" skipped="0">
  <testcase classname="TestRunner.CucumberTestRunner" name="runScenario" time="10.756"/>
  <testcase classname="TestRunner.CucumberTestRunner" name="runScenario" time="13.034"/>
  <testcase classname="TestRunner.CucumberTestRunner" name="runScenario" time="43.491">
    <failure type="java.lang.AssertionError">
      <![CDATA[java.lang.AssertionError
at org.junit.Assert.fail(Assert.java:87)
at org.junit.Assert.assertTrue(Assert.java:42)
at org.junit.Assert.assertTrue(Assert.java:53)
at StepDefinations.OrangeHRMSteps.user_clicks_on_login_button(OrangeHRMSteps.java:40)
at âœ½.User Clicks on Login button(file:///C:/VBProjects/SeleniumJavaCucumber/src/test/resources/Features/OrangeHRM.feature:8)
]]>
    </failure>
  </testcase> <!-- runScenario -->
</testsuite> <!-- TestRunner.CucumberTestRunner -->
